\BOOKMARK [0][-]{chapter*.1}{Copyright}{}% 1
\BOOKMARK [0][-]{chapter*.2}{Acknowledgments}{}% 2
\BOOKMARK [0][-]{chapter*.3}{Description of the practicum}{}% 3
\BOOKMARK [0][-]{chapter.1}{Introduction}{}% 4
\BOOKMARK [0][-]{chapter.2}{Working plan}{}% 5
\BOOKMARK [1][-]{section.2.1}{Description and objectives}{chapter.2}% 6
\BOOKMARK [1][-]{section.2.2}{Motivation}{chapter.2}% 7
\BOOKMARK [1][-]{section.2.3}{Methodology }{chapter.2}% 8
\BOOKMARK [1][-]{section.2.4}{Tools}{chapter.2}% 9
\BOOKMARK [1][-]{section.2.5}{Work plan}{chapter.2}% 10
\BOOKMARK [2][-]{subsection.2.5.1}{HTML}{section.2.5}% 11
\BOOKMARK [2][-]{subsection.2.5.2}{Interface code }{section.2.5}% 12
\BOOKMARK [2][-]{subsection.2.5.3}{Database code}{section.2.5}% 13
\BOOKMARK [2][-]{subsection.2.5.4}{Database}{section.2.5}% 14
\BOOKMARK [2][-]{subsection.2.5.5}{Interface Diagram}{section.2.5}% 15
\BOOKMARK [2][-]{subsection.2.5.6}{Problems and drawbacks}{section.2.5}% 16
\BOOKMARK [0][-]{chapter.3}{State-of-art solutions}{}% 17
\BOOKMARK [1][-]{section.3.1}{Siestta}{chapter.3}% 18
\BOOKMARK [1][-]{section.3.2}{Sixa}{chapter.3}% 19
\BOOKMARK [1][-]{section.3.3}{Android applications}{chapter.3}% 20
\BOOKMARK [2][-]{subsection.3.3.1}{Grade Book}{section.3.3}% 21
\BOOKMARK [2][-]{subsection.3.3.2}{Attendance}{section.3.3}% 22
\BOOKMARK [2][-]{subsection.3.3.3}{Teacher Organizer }{section.3.3}% 23
\BOOKMARK [2][-]{subsection.3.3.4}{Teacher Aide }{section.3.3}% 24
\BOOKMARK [0][-]{chapter.4}{Description}{}% 25
\BOOKMARK [1][-]{section.4.1}{Preparation of development}{chapter.4}% 26
\BOOKMARK [1][-]{section.4.2}{Application Skeleton}{chapter.4}% 27
\BOOKMARK [1][-]{section.4.3}{Upload into Git repository}{chapter.4}% 28
\BOOKMARK [1][-]{section.4.4}{Development}{chapter.4}% 29
\BOOKMARK [2][-]{subsection.4.4.1}{Groups}{section.4.4}% 30
\BOOKMARK [2][-]{subsection.4.4.2}{Students}{section.4.4}% 31
\BOOKMARK [2][-]{subsection.4.4.3}{Main Page}{section.4.4}% 32
\BOOKMARK [2][-]{subsection.4.4.4}{Attendance}{section.4.4}% 33
\BOOKMARK [2][-]{subsection.4.4.5}{Activities}{section.4.4}% 34
\BOOKMARK [2][-]{subsection.4.4.6}{Assessment}{section.4.4}% 35
\BOOKMARK [1][-]{section.4.5}{Database }{chapter.4}% 36
\BOOKMARK [0][-]{chapter.5}{Results}{}% 37
\BOOKMARK [1][-]{section.5.1}{Objectives completed}{chapter.5}% 38
\BOOKMARK [1][-]{section.5.2}{Further objectives}{chapter.5}% 39
\BOOKMARK [1][-]{section.5.3}{Problems faced}{chapter.5}% 40
\BOOKMARK [1][-]{section.5.4}{Statistics}{chapter.5}% 41
\BOOKMARK [0][-]{chapter.6}{Personal evaluation of the practicum }{}% 42
\BOOKMARK [0][-]{chapter*.6}{Bibliography}{}% 43
